TN:
SF:src/app/app.component.ts
FN:8,(anonymous_0)
FNF:1
FNH:1
FNDA:3,(anonymous_0)
DA:8,1
DA:9,3
LF:2
LH:2
BRF:0
BRH:0
end_of_record
TN:
SF:src/app/components/add-tutorial/add-tutorial.component.ts
FN:18,(anonymous_0)
FN:20,(anonymous_1)
FN:27,(anonymous_2)
FN:31,(anonymous_3)
FN:35,(anonymous_4)
FNF:5
FNH:1
FNDA:1,(anonymous_0)
FNDA:0,(anonymous_1)
FNDA:0,(anonymous_2)
FNDA:0,(anonymous_3)
FNDA:0,(anonymous_4)
DA:10,1
DA:11,1
DA:16,1
DA:18,1
DA:21,0
DA:26,0
DA:28,0
DA:29,0
DA:31,0
DA:36,0
DA:37,0
LF:11
LH:4
BRF:0
BRH:0
end_of_record
TN:
SF:src/app/components/tutorial-details/tutorial-details.component.ts
FN:23,(anonymous_0)
FN:29,(anonymous_1)
FN:40,(anonymous_2)
FN:42,(anonymous_3)
FN:46,(anonymous_4)
FN:50,(anonymous_5)
FN:60,(anonymous_6)
FN:67,(anonymous_7)
FN:71,(anonymous_8)
FN:77,(anonymous_9)
FN:83,(anonymous_10)
FN:87,(anonymous_11)
FN:89,(anonymous_12)
FN:93,(anonymous_13)
FNF:14
FNH:2
FNDA:2,(anonymous_0)
FNDA:2,(anonymous_1)
FNDA:0,(anonymous_2)
FNDA:0,(anonymous_3)
FNDA:0,(anonymous_4)
FNDA:0,(anonymous_5)
FNDA:0,(anonymous_6)
FNDA:0,(anonymous_7)
FNDA:0,(anonymous_8)
FNDA:0,(anonymous_9)
FNDA:0,(anonymous_10)
FNDA:0,(anonymous_11)
FNDA:0,(anonymous_12)
FNDA:0,(anonymous_13)
DA:12,1
DA:13,2
DA:15,2
DA:21,2
DA:24,2
DA:25,2
DA:26,2
DA:30,2
DA:31,0
DA:32,0
DA:33,0
DA:34,0
DA:41,0
DA:43,0
DA:44,0
DA:46,0
DA:51,0
DA:57,0
DA:59,0
DA:61,0
DA:62,0
DA:63,0
DA:67,0
DA:72,0
DA:74,0
DA:78,0
DA:79,0
DA:83,0
DA:88,0
DA:90,0
DA:91,0
DA:93,0
LF:32
LH:8
BRDA:30,0,0,0
BRDA:30,1,0,2
BRDA:30,1,1,1
BRDA:32,2,0,0
BRDA:63,3,0,0
BRDA:63,3,1,0
BRDA:79,4,0,0
BRDA:79,4,1,0
BRF:8
BRH:2
end_of_record
TN:
SF:src/app/components/tutorials-list/tutorials-list.component.ts
FN:19,(anonymous_0)
FN:21,(anonymous_1)
FN:25,(anonymous_2)
FN:27,(anonymous_3)
FN:31,(anonymous_4)
FN:35,(anonymous_5)
FN:41,(anonymous_6)
FN:46,(anonymous_7)
FN:48,(anonymous_8)
FN:52,(anonymous_9)
FN:56,(anonymous_10)
FN:61,(anonymous_11)
FN:65,(anonymous_12)
FNF:13
FNH:3
FNDA:1,(anonymous_0)
FNDA:1,(anonymous_1)
FNDA:1,(anonymous_2)
FNDA:0,(anonymous_3)
FNDA:0,(anonymous_4)
FNDA:0,(anonymous_5)
FNDA:0,(anonymous_6)
FNDA:0,(anonymous_7)
FNDA:0,(anonymous_8)
FNDA:0,(anonymous_9)
FNDA:0,(anonymous_10)
FNDA:0,(anonymous_11)
FNDA:0,(anonymous_12)
DA:13,1
DA:15,1
DA:16,1
DA:17,1
DA:19,1
DA:22,1
DA:26,1
DA:28,0
DA:29,0
DA:31,0
DA:36,0
DA:37,0
DA:38,0
DA:42,0
DA:43,0
DA:47,0
DA:49,0
DA:50,0
DA:52,0
DA:57,0
DA:58,0
DA:60,0
DA:62,0
DA:63,0
DA:65,0
LF:25
LH:7
BRF:0
BRH:0
end_of_record
TN:
SF:src/app/services/tutorial.service.ts
FN:13,(anonymous_0)
FN:15,(anonymous_1)
FN:19,(anonymous_2)
FN:23,(anonymous_3)
FN:27,(anonymous_4)
FN:31,(anonymous_5)
FN:35,(anonymous_6)
FN:39,(anonymous_7)
FNF:8
FNH:2
FNDA:4,(anonymous_0)
FNDA:1,(anonymous_1)
FNDA:0,(anonymous_2)
FNDA:0,(anonymous_3)
FNDA:0,(anonymous_4)
FNDA:0,(anonymous_5)
FNDA:0,(anonymous_6)
FNDA:0,(anonymous_7)
DA:7,1
DA:12,1
DA:13,4
DA:16,1
DA:20,0
DA:24,0
DA:28,0
DA:32,0
DA:36,0
DA:40,0
LF:10
LH:4
BRF:0
BRH:0
end_of_record
